<?xml version="1.0" encoding="UTF-8"?>
<!-- Generated by org.testng.reporters.JUnitReportReporter -->
<testsuite hostname="Rahul-Ramagiri" failures="0" tests="1" name="RoughPKG.TestCase" time="9.508" errors="0" timestamp="2024-05-31T00:44:22 IST" skipped="0">
  <testcase classname="RoughPKG.TestCase" name="SssignUp" time="9.508"/>
</testsuite> <!-- RoughPKG.TestCase -->
