<?xml version="1.0" encoding="UTF-8"?>
<!-- Generated by org.testng.reporters.JUnitReportReporter -->
<testsuite hostname="Rahul-Ramagiri" failures="0" tests="5" name="AutomationTestCases.LoginTestCase" time="4.716" errors="0" timestamp="2024-05-30T03:36:34 IST" skipped="0">
  <testcase classname="AutomationTestCases.LoginTestCase" name="LoginAutomationFuntion" time="2.189"/>
  <testcase classname="AutomationTestCases.LoginTestCase" name="ValidateLogoutFuntion" time="0.725"/>
  <testcase classname="AutomationTestCases.LoginTestCase" name="ValidateLoginWithInvalidaCreds" time="0.926"/>
  <testcase classname="AutomationTestCases.LoginTestCase" name="ValidateSubscrition" time="0.205"/>
  <testcase classname="AutomationTestCases.LoginTestCase" name="ValidateSubscitionFromCart" time="0.671"/>
</testsuite> <!-- AutomationTestCases.LoginTestCase -->
