<?xml version="1.0" encoding="UTF-8"?>
<!-- Generated by org.testng.reporters.JUnitReportReporter -->
<testsuite hostname="Rahul-Ramagiri" failures="0" tests="3" name="AutomationTestCases.RegisterUser" time="9.023" errors="0" timestamp="2024-05-29T19:17:49 IST" skipped="0">
  <testcase classname="AutomationTestCases.RegisterUser" name="SignUp" time="7.190"/>
  <testcase classname="AutomationTestCases.RegisterUser" name="DeleteAccount" time="0.572"/>
  <testcase classname="AutomationTestCases.RegisterUser" name="RegiesterWithSameEamil" time="1.261"/>
</testsuite> <!-- AutomationTestCases.RegisterUser -->
