<?xml version="1.0" encoding="UTF-8"?>
<!-- Generated by org.testng.reporters.JUnitReportReporter -->
<testsuite hostname="Rahul" failures="0" tests="1" name="AutomationTestCases.RegisterUser" time="24.512" errors="0" timestamp="2024-05-28T02:10:17 IST" skipped="0">
  <testcase classname="AutomationTestCases.RegisterUser" name="SignUp" time="24.512"/>
</testsuite> <!-- AutomationTestCases.RegisterUser -->
