<?xml version="1.0" encoding="UTF-8"?>
<!-- Generated by org.testng.reporters.JUnitReportReporter -->
<testsuite hostname="Rahul-Ramagiri" failures="0" tests="3" name="AutomationTestCases.ContactUsForm" time="5.880" errors="0" timestamp="2024-05-30T02:00:13 IST" skipped="0">
  <testcase classname="AutomationTestCases.ContactUsForm" name="ValidateContact" time="2.937"/>
  <testcase classname="AutomationTestCases.ContactUsForm" name="ValidateTestCasePage" time="0.411"/>
  <testcase classname="AutomationTestCases.ContactUsForm" name="ValidateProductsPage" time="2.532"/>
</testsuite> <!-- AutomationTestCases.ContactUsForm -->
