<?xml version="1.0" encoding="UTF-8"?>
<!-- Generated by org.testng.reporters.JUnitReportReporter -->
<testsuite hostname="Rahul" failures="0" tests="1" name="RoughPKG.TestCase" time="49.216" errors="0" timestamp="2024-05-28T02:11:50 IST" skipped="0">
  <testcase classname="RoughPKG.TestCase" name="SignUp" time="49.216"/>
</testsuite> <!-- RoughPKG.TestCase -->
